<?xml version="1.0" encoding="UTF-8"?>
<!-- Generated by org.testng.reporters.JUnitReportReporter -->
<testsuite skipped="0" hostname="IQA_Yogesh-T" name="com.test.GoogleTitleTest" tests="1" failures="0" timestamp="21 Apr 2020 08:17:21 GMT" time="8.733" errors="0">
  <testcase name="googleTitleTest" time="8.733" classname="com.test.GoogleTitleTest"/>
</testsuite> <!-- com.test.GoogleTitleTest -->
