<?xml version="1.0" encoding="UTF-8"?>
<!-- Generated by org.testng.reporters.JUnitReportReporter -->
<testsuite skipped="0" hostname="IQA_Yogesh-T" name="com.test.TestNgBasics" tests="3" failures="0" timestamp="21 Apr 2020 08:21:52 GMT" time="0.004" errors="0">
  <testcase name="serachTest" time="0.000" classname="com.test.TestNgBasics"/>
  <testcase name="googleLogoTest" time="0.002" classname="com.test.TestNgBasics"/>
  <testcase name="googleTitleTest" time="0.002" classname="com.test.TestNgBasics"/>
</testsuite> <!-- com.test.TestNgBasics -->
