<?xml version="1.0" encoding="UTF-8"?>
<!-- Generated by org.testng.reporters.JUnitReportReporter -->
<testsuite skipped="0" hostname="IQA_Yogesh-T" name="com.test.GoogleTest" tests="6" failures="0" timestamp="27 Apr 2020 05:54:47 GMT" time="58.133" errors="0">
  <testcase name="googleTitleTest" time="8.955" classname="com.test.GoogleTest"/>
  <testcase name="googleLogoTest" time="9.576" classname="com.test.GoogleTest"/>
  <testcase name="linkTextTest" time="13.287" classname="com.test.GoogleTest"/>
  <testcase name="test1" time="8.045" classname="com.test.GoogleTest"/>
  <testcase name="test2" time="8.678" classname="com.test.GoogleTest"/>
  <testcase name="test3" time="9.592" classname="com.test.GoogleTest"/>
</testsuite> <!-- com.test.GoogleTest -->
